Copyright 1986-2018 Xilinx, Inc. All Rights Reserved.
-------------------------------------------------------------------------------------------------------------------------------------------------------------------------
| Tool Version     : Vivado v.2018.3 (win64) Build 2405991 Thu Dec  6 23:38:27 MST 2018
| Date             : Wed Apr 12 09:11:26 2023
| Host             : FengSheng running 64-bit major release  (build 9200)
| Command          : report_power -file design_mb_wrapper_power_routed.rpt -pb design_mb_wrapper_power_summary_routed.pb -rpx design_mb_wrapper_power_routed.rpx
| Design           : design_mb_wrapper
| Device           : xc7a100tcsg324-1
| Design State     : routed
| Grade            : commercial
| Process          : typical
| Characterization : Production
-------------------------------------------------------------------------------------------------------------------------------------------------------------------------

Power Report

Table of Contents
-----------------
1. Summary
1.1 On-Chip Components
1.2 Power Supply Summary
1.3 Confidence Level
2. Settings
2.1 Environment
2.2 Clock Constraints
3. Detailed Reports
3.1 By Hierarchy

1. Summary
----------

+--------------------------+--------------+
| Total On-Chip Power (W)  | 0.271        |
| Design Power Budget (W)  | Unspecified* |
| Power Budget Margin (W)  | NA           |
| Dynamic (W)              | 0.173        |
| Device Static (W)        | 0.098        |
| Effective TJA (C/W)      | 4.6          |
| Max Ambient (C)          | 83.8         |
| Junction Temperature (C) | 26.2         |
| Confidence Level         | Low          |
| Setting File             | ---          |
| Simulation Activity File | ---          |
| Design Nets Matched      | NA           |
+--------------------------+--------------+
* Specify Design Power Budget using, set_operating_conditions -design_power_budget <value in Watts>


1.1 On-Chip Components
----------------------

+--------------------------+-----------+----------+-----------+-----------------+
| On-Chip                  | Power (W) | Used     | Available | Utilization (%) |
+--------------------------+-----------+----------+-----------+-----------------+
| Clocks                   |     0.037 |        8 |       --- |             --- |
| Slice Logic              |     0.009 |    17266 |       --- |             --- |
|   LUT as Logic           |     0.007 |     5509 |     63400 |            8.69 |
|   LUT as Distributed RAM |    <0.001 |      168 |     19000 |            0.88 |
|   Register               |    <0.001 |     8004 |    126800 |            6.31 |
|   CARRY4                 |    <0.001 |      184 |     15850 |            1.16 |
|   LUT as Shift Register  |    <0.001 |      495 |     19000 |            2.61 |
|   F7/F8 Muxes            |    <0.001 |      198 |     63400 |            0.31 |
|   Others                 |    <0.001 |     1287 |       --- |             --- |
| Signals                  |     0.012 |    12014 |       --- |             --- |
| Block RAM                |     0.005 |     12.5 |       135 |            9.26 |
| MMCM                     |     0.106 |        1 |         6 |           16.67 |
| I/O                      |     0.005 |       69 |       210 |           32.86 |
| Static Power             |     0.098 |          |           |                 |
| Total                    |     0.271 |          |           |                 |
+--------------------------+-----------+----------+-----------+-----------------+


1.2 Power Supply Summary
------------------------

+-----------+-------------+-----------+-------------+------------+
| Source    | Voltage (V) | Total (A) | Dynamic (A) | Static (A) |
+-----------+-------------+-----------+-------------+------------+
| Vccint    |       1.000 |     0.078 |       0.062 |      0.016 |
| Vccaux    |       1.800 |     0.077 |       0.059 |      0.018 |
| Vcco33    |       3.300 |     0.005 |       0.001 |      0.004 |
| Vcco25    |       2.500 |     0.000 |       0.000 |      0.000 |
| Vcco18    |       1.800 |     0.000 |       0.000 |      0.000 |
| Vcco15    |       1.500 |     0.000 |       0.000 |      0.000 |
| Vcco135   |       1.350 |     0.000 |       0.000 |      0.000 |
| Vcco12    |       1.200 |     0.000 |       0.000 |      0.000 |
| Vccaux_io |       1.800 |     0.000 |       0.000 |      0.000 |
| Vccbram   |       1.000 |     0.001 |       0.000 |      0.001 |
| MGTAVcc   |       1.000 |     0.000 |       0.000 |      0.000 |
| MGTAVtt   |       1.200 |     0.000 |       0.000 |      0.000 |
| Vccadc    |       1.800 |     0.020 |       0.000 |      0.020 |
+-----------+-------------+-----------+-------------+------------+


1.3 Confidence Level
--------------------

+-----------------------------+------------+--------------------------------------------------------+------------------------------------------------------------------------------------------------------------+
| User Input Data             | Confidence | Details                                                | Action                                                                                                     |
+-----------------------------+------------+--------------------------------------------------------+------------------------------------------------------------------------------------------------------------+
| Design implementation state | High       | Design is routed                                       |                                                                                                            |
| Clock nodes activity        | High       | User specified more than 95% of clocks                 |                                                                                                            |
| I/O nodes activity          | Low        | More than 75% of inputs are missing user specification | Provide missing input activity with simulation results or by editing the "By Resource Type -> I/Os" view   |
| Internal nodes activity     | Medium     | User specified less than 25% of internal nodes         | Provide missing internal nodes activity with simulation results or by editing the "By Resource Type" views |
| Device models               | High       | Device models are Production                           |                                                                                                            |
|                             |            |                                                        |                                                                                                            |
| Overall confidence level    | Low        |                                                        |                                                                                                            |
+-----------------------------+------------+--------------------------------------------------------+------------------------------------------------------------------------------------------------------------+


2. Settings
-----------

2.1 Environment
---------------

+-----------------------+--------------------------+
| Ambient Temp (C)      | 25.0                     |
| ThetaJA (C/W)         | 4.6                      |
| Airflow (LFM)         | 250                      |
| Heat Sink             | medium (Medium Profile)  |
| ThetaSA (C/W)         | 4.6                      |
| Board Selection       | medium (10"x10")         |
| # of Board Layers     | 12to15 (12 to 15 Layers) |
| Board Temperature (C) | 25.0                     |
+-----------------------+--------------------------+


2.2 Clock Constraints
---------------------

+--------------------------------------------------------------------------------------------+----------------------------------------------------------------------+-----------------+
| Clock                                                                                      | Domain                                                               | Constraint (ns) |
+--------------------------------------------------------------------------------------------+----------------------------------------------------------------------+-----------------+
| clk_out1_design_mb_clk_wiz_1_0                                                             | design_mb_i/clk_wiz_1/inst/clk_out1_design_mb_clk_wiz_1_0            |            10.0 |
| clkfbout_design_mb_clk_wiz_1_0                                                             | design_mb_i/clk_wiz_1/inst/clkfbout_design_mb_clk_wiz_1_0            |            10.0 |
| dbg_hub/inst/BSCANID.u_xsdbm_id/SWITCH_N_EXT_BSCAN.bscan_inst/SERIES7_BSCAN.bscan_inst/TCK | dbg_hub/inst/BSCANID.u_xsdbm_id/SWITCH_N_EXT_BSCAN.bscan_inst/tck_bs |            33.0 |
| design_mb_i/clk_wiz_1/inst/clk_in1                                                         | sys_clock_IBUF_BUFG                                                  |            10.0 |
| design_mb_i/mdm_1/U0/Use_E2.BSCAN_I/Use_E2.BSCANE2_I/DRCK                                  | design_mb_i/mdm_1/U0/Use_E2.BSCAN_I/DRCK                             |            33.3 |
| design_mb_i/mdm_1/U0/Use_E2.BSCAN_I/Use_E2.BSCANE2_I/UPDATE                                | design_mb_i/mdm_1/U0/Use_E2.BSCAN_I/Dbg_Update_0                     |            33.3 |
+--------------------------------------------------------------------------------------------+----------------------------------------------------------------------+-----------------+


3. Detailed Reports
-------------------

3.1 By Hierarchy
----------------

+-------------------------------+-----------+
| Name                          | Power (W) |
+-------------------------------+-----------+
| design_mb_wrapper             |     0.173 |
|   dbg_hub                     |     0.003 |
|     inst                      |     0.003 |
|       BSCANID.u_xsdbm_id      |     0.003 |
|   design_mb_i                 |     0.165 |
|     axi_gpio_0                |     0.002 |
|       U0                      |     0.002 |
|     axi_intc_0                |     0.002 |
|       U0                      |     0.002 |
|     axi_quad_spi_0            |     0.006 |
|       U0                      |     0.006 |
|     axi_quad_spi_1            |     0.006 |
|       U0                      |     0.006 |
|     axi_timer_0               |     0.003 |
|       U0                      |     0.003 |
|     clk_wiz_1                 |     0.107 |
|       inst                    |     0.107 |
|     mdm_1                     |     0.002 |
|       U0                      |     0.002 |
|     microblaze_0              |     0.011 |
|       U0                      |     0.011 |
|     microblaze_0_axi_periph   |     0.004 |
|       s01_couplers            |     0.003 |
|       xbar                    |     0.001 |
|     microblaze_0_local_memory |     0.002 |
|       lmb_bram                |     0.002 |
|     system_ila_0              |     0.017 |
|       inst                    |     0.017 |
+-------------------------------+-----------+


